Using pre-set license
Built from '2020.3/staging' branch; Version is '2020.3.22f1 (e1a7f79fd887) revision 14788599'; Using compiler version '192528614'; Build Type 'Release'
OS: 'Windows 10 Home; OS build 22621.1848; Version 2009; 64bit' Language: 'it' Physical Memory: 16021 MB
BatchMode: 1, IsHumanControllingUs: 0, StartBugReporterOnCrash: 0, Is64bit: 1, IsPro: 0

COMMAND LINE ARGUMENTS:
C:\Program Files\Unity\Hub\Editor\2020.3.22f1\Editor\Unity.exe
-adb2
-batchMode
-noUpm
-name
AssetImportWorker0
-projectPath
C:/Users/Michela/22.03.23
-logFile
Logs/AssetImportWorker0.log
-srvPort
63319
Successfully changed project path to: C:/Users/Michela/22.03.23
C:/Users/Michela/22.03.23
Using Asset Import Pipeline V2.
Refreshing native plugins compatible for Editor in 23.18 ms, found 2 plugins.
Preloading 0 native plugins for Editor in 0.00 ms.
Initialize engine version: 2020.3.22f1 (e1a7f79fd887)
[Subsystems] Discovering subsystems at path C:/Program Files/Unity/Hub/Editor/2020.3.22f1/Editor/Data/Resources/UnitySubsystems
[Subsystems] Discovering subsystems at path C:/Users/Michela/22.03.23/Assets
GfxDevice: creating device client; threaded=0
Direct3D:
    Version:  Direct3D 11.0 [level 11.1]
    Renderer: NVIDIA GeForce RTX 3050 Ti Laptop GPU (ID=0x25a0)
    Vendor:   
    VRAM:     3990 MB
    Driver:   30.0.15.1278
Initialize mono
Mono path[0] = 'C:/Program Files/Unity/Hub/Editor/2020.3.22f1/Editor/Data/Managed'
Mono path[1] = 'C:/Program Files/Unity/Hub/Editor/2020.3.22f1/Editor/Data/MonoBleedingEdge/lib/mono/unityjit'
Mono config path = 'C:/Program Files/Unity/Hub/Editor/2020.3.22f1/Editor/Data/MonoBleedingEdge/etc'
Using monoOptions --debugger-agent=transport=dt_socket,embedding=1,server=y,suspend=n,address=127.0.0.1:56480
Begin MonoManager ReloadAssembly
Registering precompiled unity dll's ...
Register platform support module: C:/Program Files/Unity/Hub/Editor/2020.3.22f1/Editor/Data/PlaybackEngines/WindowsStandaloneSupport/UnityEditor.WindowsStandalone.Extensions.dll
Registered in 0.000723 seconds.
Native extension for WindowsStandalone target not found
Refreshing native plugins compatible for Editor in 22.28 ms, found 2 plugins.
Preloading 0 native plugins for Editor in 0.00 ms.
Mono: successfully reloaded assembly
- Completed reload, in  0.614 seconds
Domain Reload Profiling:
	ReloadAssembly (614ms)
		BeginReloadAssembly (35ms)
			ExecutionOrderSort (0ms)
			DisableScriptedObjects (0ms)
			BackupInstance (0ms)
			ReleaseScriptingObjects (0ms)
			CreateAndSetChildDomain (1ms)
		EndReloadAssembly (295ms)
			LoadAssemblies (33ms)
			RebuildTransferFunctionScriptingTraits (0ms)
			SetupTypeCache (96ms)
			ReleaseScriptCaches (0ms)
			RebuildScriptCaches (21ms)
			SetupLoadedEditorAssemblies (111ms)
				LogAssemblyErrors (0ms)
				InitializePlatformSupportModulesInManaged (3ms)
				SetLoadedEditorAssemblies (0ms)
				RefreshPlugins (22ms)
				BeforeProcessingInitializeOnLoad (11ms)
				ProcessInitializeOnLoadAttributes (53ms)
				ProcessInitializeOnLoadMethodAttributes (21ms)
				AfterProcessingInitializeOnLoad (0ms)
				EditorAssembliesLoaded (0ms)
			ExecutionOrderSort2 (0ms)
			AwakeInstancesAfterBackupRestoration (0ms)
Platform modules already initialized, skipping
Registering precompiled user dll's ...
Registered in 0.001881 seconds.
Begin MonoManager ReloadAssembly
Native extension for WindowsStandalone target not found
Refreshing native plugins compatible for Editor in 0.29 ms, found 2 plugins.
Preloading 0 native plugins for Editor in 0.00 ms.
Mono: successfully reloaded assembly
- Completed reload, in  0.644 seconds
Domain Reload Profiling:
	ReloadAssembly (645ms)
		BeginReloadAssembly (92ms)
			ExecutionOrderSort (0ms)
			DisableScriptedObjects (3ms)
			BackupInstance (0ms)
			ReleaseScriptingObjects (0ms)
			CreateAndSetChildDomain (13ms)
		EndReloadAssembly (512ms)
			LoadAssemblies (52ms)
			RebuildTransferFunctionScriptingTraits (0ms)
			SetupTypeCache (176ms)
			ReleaseScriptCaches (0ms)
			RebuildScriptCaches (27ms)
			SetupLoadedEditorAssemblies (197ms)
				LogAssemblyErrors (0ms)
				InitializePlatformSupportModulesInManaged (3ms)
				SetLoadedEditorAssemblies (0ms)
				RefreshPlugins (0ms)
				BeforeProcessingInitializeOnLoad (50ms)
				ProcessInitializeOnLoadAttributes (135ms)
				ProcessInitializeOnLoadMethodAttributes (6ms)
				AfterProcessingInitializeOnLoad (2ms)
				EditorAssembliesLoaded (0ms)
			ExecutionOrderSort2 (0ms)
			AwakeInstancesAfterBackupRestoration (4ms)
Platform modules already initialized, skipping
========================================================================
Worker process is ready to serve import requests
Launched and connected shader compiler UnityShaderCompiler.exe after 0.04 seconds
Refreshing native plugins compatible for Editor in 0.29 ms, found 2 plugins.
Preloading 0 native plugins for Editor in 0.00 ms.
Unloading 1491 Unused Serialized files (Serialized files now loaded: 0)
System memory in use before: 67.5 MB.
System memory in use after: 67.6 MB.

Unloading 18 unused Assets to reduce memory usage. Loaded Objects now: 1926.
Total: 2.161900 ms (FindLiveObjects: 0.093700 ms CreateObjectMapping: 0.025000 ms MarkObjects: 2.022300 ms  DeleteObjects: 0.020000 ms)

AssetImportParameters requested are different than current active one (requested -> active):
  custom:framework-win-MediaFoundation: 216162199b28c13a410421893ffa2e32 -> 
  custom:video-decoder-ogg-theora: a1e56fd34408186e4bbccfd4996cb3dc -> 
  custom:container-muxer-webm: aa71ff27fc2769a1b78a27578f13a17b -> 
  custom:container-demuxer-webm: 4f35f7cbe854078d1ac9338744f61a02 -> 
  custom:container-demuxer-ogg: 62fdf1f143b41e24485cea50d1cbac27 -> 
  custom:video-encoder-webm-vp8: eb34c28f22e8b96e1ab97ce403110664 -> 
  custom:video-codec-MediaFoundation-h265: 746d11721c4dcdbdad8f713fa42b33f4 -> 
  custom:video-decoder-webm-vp8: 9c59270c3fd7afecdb556c50c9e8de78 -> 
  custom:audio-decoder-ogg-vorbis: bf7c407c2cedff20999df2af8eb42d56 -> 
  custom:audio-encoder-webm-vorbis: bf7c407c2cedff20999df2af8eb42d56 -> 
========================================================================
Received Import Request.
  path: Assets/Scripts/Movimenti.cs
  artifactKey: Guid(0f351ac89b87ed54a95245f47b76c2ba) Importer(815301076,1909f56bfc062723c751e8b465ee728b)
Start importing Assets/Scripts/Movimenti.cs using Guid(0f351ac89b87ed54a95245f47b76c2ba) Importer(815301076,1909f56bfc062723c751e8b465ee728b)  -> (artifact id: '86523a8619b4f5708132296630c82ba6') in 0.020373 seconds 
  Import took 0.022241 seconds .

========================================================================
Received Import Request.
  Time since last request: 0.024339 seconds.
  path: Assets/Scenes/SampleScene.unity
  artifactKey: Guid(9fc0d4010bbf28b4594072e72b8655ab) Importer(815301076,1909f56bfc062723c751e8b465ee728b)
Start importing Assets/Scenes/SampleScene.unity using Guid(9fc0d4010bbf28b4594072e72b8655ab) Importer(815301076,1909f56bfc062723c751e8b465ee728b)  -> (artifact id: 'f38704df916cea5ee827a06cc8d218ba') in 0.011747 seconds 
  Import took 0.013842 seconds .

========================================================================
Received Import Request.
  Time since last request: 0.014450 seconds.
  path: Assets/Scenes
  artifactKey: Guid(afac10aa3bfdc4b4eb5b358f107b5adf) Importer(815301076,1909f56bfc062723c751e8b465ee728b)
Start importing Assets/Scenes using Guid(afac10aa3bfdc4b4eb5b358f107b5adf) Importer(815301076,1909f56bfc062723c751e8b465ee728b)  -> (artifact id: '5a8cde27ccf50ecd63ccd9c7c6733557') in 0.004224 seconds 
  Import took 0.006684 seconds .

========================================================================
Received Import Request.
  Time since last request: 0.017420 seconds.
  path: Assets/Materials/Palla.physicMaterial
  artifactKey: Guid(887bd8a63428d2f49b869f744d515a67) Importer(815301076,1909f56bfc062723c751e8b465ee728b)
Start importing Assets/Materials/Palla.physicMaterial using Guid(887bd8a63428d2f49b869f744d515a67) Importer(815301076,1909f56bfc062723c751e8b465ee728b)  -> (artifact id: '4813c85d70613a1670299b5435e95f94') in 0.006190 seconds 
  Import took 0.008368 seconds .

========================================================================
Received Import Request.
  Time since last request: 0.001417 seconds.
  path: Assets/Scripts/Collisioni.cs
  artifactKey: Guid(280470d544d326249bbd878775a43a74) Importer(815301076,1909f56bfc062723c751e8b465ee728b)
Start importing Assets/Scripts/Collisioni.cs using Guid(280470d544d326249bbd878775a43a74) Importer(815301076,1909f56bfc062723c751e8b465ee728b)  -> (artifact id: '0eb08059dd2a8db2d9a7e0249e492c88') in 0.003946 seconds 
  Import took 0.005784 seconds .

========================================================================
Received Import Request.
  Time since last request: 0.023991 seconds.
  path: Assets/Scripts/GameController.cs
  artifactKey: Guid(13c76f6c2ed6ea34ea3ecd2d27146c9f) Importer(815301076,1909f56bfc062723c751e8b465ee728b)
Start importing Assets/Scripts/GameController.cs using Guid(13c76f6c2ed6ea34ea3ecd2d27146c9f) Importer(815301076,1909f56bfc062723c751e8b465ee728b)  -> (artifact id: '464163f4af2b407f69a6e122922c3ece') in 0.004139 seconds 
  Import took 0.006326 seconds .

AssetImportWorkerClient::OnTransportError - code=2 error=End of file
